<?xml version="1.0" encoding="UTF-8"?>
<!-- Generated by org.testng.reporters.JUnitXMLReporter -->
<testsuite ignored="0" hostname="Ganesh-PC" failures="1" tests="1" name="Login_test" time="14.52" errors="0" timestamp="2020-12-28T16:15:10 PST">
  <testcase classname="testcases.Login" name="Login_Test" time="14.329">
    <failure type="java.io.FileNotFoundException" message="C:\Users\Ganeshgit\Lennox_Assignment\Assignment_Test\TestData\TestData.xls (The system cannot find the path specified)">
      <![CDATA[java.io.FileNotFoundException: C:\Users\Ganeshgit\Lennox_Assignment\Assignment_Test\TestData\TestData.xls (The system cannot find the path specified)
at java.base/java.io.FileInputStream.open0(Native Method)
at java.base/java.io.FileInputStream.open(FileInputStream.java:211)
at java.base/java.io.FileInputStream.<init>(FileInputStream.java:153)
at jxl.Workbook.getWorkbook(Workbook.java:213)
at jxl.Workbook.getWorkbook(Workbook.java:198)
at testcases.Login.Login_Test(Login.java:28)
at java.base/java.util.ArrayList.forEach(ArrayList.java:1511)
... Removed 27 stack frames]]>
    </failure>
  </testcase> <!-- Login_Test -->
</testsuite> <!-- Login_test -->
