<?xml version="1.0" encoding="UTF-8"?>
<testng-results ignored="0" total="1" passed="1" failed="0" skipped="0">
  <reporter-output>
  </reporter-output>
  <suite started-at="2020-12-30T00:12:51Z" name="LoginTestSuite" finished-at="2020-12-30T00:13:03Z" duration-ms="12722">
    <groups>
    </groups>
    <test started-at="2020-12-30T00:12:51Z" name="Login_test" finished-at="2020-12-30T00:13:03Z" duration-ms="12722">
      <class name="testcases.Login">
        <test-method is-config="true" signature="setup()[pri:0, instance:testcases.Login@8f2ef19]" started-at="2020-12-30T00:11:53Z" name="setup" finished-at="2020-12-30T00:12:51Z" duration-ms="57283" status="PASS">
          <reporter-output>
          </reporter-output>
        </test-method> <!-- setup -->
        <test-method signature="Login_Test()[pri:0, instance:testcases.Login@8f2ef19]" started-at="2020-12-30T00:12:51Z" name="Login_Test" finished-at="2020-12-30T00:13:03Z" duration-ms="12304" status="PASS">
          <reporter-output>
          </reporter-output>
        </test-method> <!-- Login_Test -->
        <test-method is-config="true" signature="teardown()[pri:0, instance:testcases.Login@8f2ef19]" started-at="2020-12-30T00:13:04Z" name="teardown" finished-at="2020-12-30T00:13:08Z" duration-ms="3532" status="PASS">
          <reporter-output>
          </reporter-output>
        </test-method> <!-- teardown -->
      </class> <!-- testcases.Login -->
    </test> <!-- Login_test -->
  </suite> <!-- LoginTestSuite -->
</testng-results>
