<?xml version="1.0" encoding="UTF-8"?>
<testng-results ignored="0" total="1" passed="1" failed="0" skipped="0">
  <reporter-output>
  </reporter-output>
  <suite started-at="2020-12-28T17:15:55 PST" name="LoginTestSuite" finished-at="2020-12-28T17:16:11 PST" duration-ms="16506">
    <groups>
    </groups>
    <test started-at="2020-12-28T17:15:55 PST" name="Login_test" finished-at="2020-12-28T17:16:11 PST" duration-ms="16506">
      <class name="testcases.Login">
        <test-method is-config="true" signature="setup()[pri:0, instance:testcases.Login@3c9d0b9d]" started-at="2020-12-28T17:14:51 PST" name="setup" finished-at="2020-12-28T17:15:55 PST" duration-ms="63813" status="PASS">
          <reporter-output>
          </reporter-output>
        </test-method> <!-- setup -->
        <test-method signature="Login_Test()[pri:0, instance:testcases.Login@3c9d0b9d]" started-at="2020-12-28T17:15:55 PST" name="Login_Test" finished-at="2020-12-28T17:16:11 PST" duration-ms="15593" status="PASS">
          <reporter-output>
          </reporter-output>
        </test-method> <!-- Login_Test -->
        <test-method is-config="true" signature="teardown()[pri:0, instance:testcases.Login@3c9d0b9d]" started-at="2020-12-28T17:16:15 PST" name="teardown" finished-at="2020-12-28T17:16:15 PST" duration-ms="1" status="PASS">
          <reporter-output>
          </reporter-output>
        </test-method> <!-- teardown -->
      </class> <!-- testcases.Login -->
    </test> <!-- Login_test -->
  </suite> <!-- LoginTestSuite -->
</testng-results>
